[2022-6-23 14:42:7] root login 
[2022-6-23 14:42:11] Unlogged logout 
[2022-6-23 14:42:20] 2021444173 login password error
[2022-6-23 14:42:22] yangzhenyu login 
[2022-6-23 14:59:42] system booting 
[2022-6-23 14:59:56] root login 
[2022-6-23 15:0:14] admin AddUser 1234
[2022-6-23 15:0:40] system shutdown 
[2022-6-23 24:3:18] system booting 
[2022-6-23 24:3:23] system booting 
[2022-6-23 24:4:35] system booting 
[2022-6-23 24:5:40] system booting 
[2022-6-23 24:6:26] system booting 
[2022-6-23 24:6:55] system booting 
[2022-6-23 24:7:5] system shutdown 
------------------
[2022-6-23 24:10:10] system booting 
[2022-6-23 24:10:18] root login 
[2022-6-23 24:14:30] system booting 
[2022-6-23 24:14:36] root login 
[2022-6-23 24:19:59] system booting 
[2022-6-23 24:20:5] root login 
[2022-6-23 24:20:58] system booting 
[2022-6-23 24:21:4] root login 
[2022-6-23 24:21:53] system booting 
[2022-6-23 24:21:57] root login 
[2022-6-23 24:24:22] system booting 
[2022-6-23 24:24:26] root login 
[2022-6-23 24:24:46] system shutdown 
-------------------------------------------
[2022-6-23 24:46:59] system booting 
[2022-6-23 24:47:9] 2021444173 login password error
[2022-6-23 24:47:10] yangzhenyu login 
