[2022-6-24 9:22:22] system booting 
[2022-6-24 9:28:52] system booting 
[2022-6-24 9:29:1] yangzhenyu login 
[2022-6-24 9:29:59] system booting 
[2022-6-24 9:30:3] system booting 
[2022-6-24 9:30:10] yangzhenyu login 
[2022-6-24 9:33:43] system booting 
[2022-6-24 9:38:14] system booting 
[2022-6-24 9:38:42] system shutdown 
-------------------------------------------
[2022-6-24 9:41:4] system booting 
[2022-6-24 9:42:15] system booting 
[2022-6-24 9:42:19] system shutdown 
-------------------------------------------
[2022-6-24 9:42:24] system booting 
[2022-6-24 9:43:11] system booting 
[2022-6-24 9:43:24] yangzhenyu login 
[2022-6-24 9:44:6] system booting 
[2022-6-24 9:49:48] system booting 
[2022-6-24 9:50:13] yangzhenyu login 
[2022-6-24 9:50:13] 2021444173 BorrowBook B00ZEZI8WI
[2022-6-24 9:51:28] system shutdown 
-------------------------------------------
[2022-6-24 9:54:41] system booting 
[2022-6-24 9:56:19] system booting 
[2022-6-24 9:57:28] system booting 
[2022-6-24 10:8:14] system booting 
[2022-6-24 10:8:20] root login 
[2022-6-24 10:9:9] system booting 
[2022-6-24 10:9:13] root login 
[2022-6-24 10:10:9] Unlogged logout 
[2022-6-24 10:10:15] yangzhenyu login 
[2022-6-24 10:10:27] 2021444173 BorrowBook B001QN7G20
[2022-6-24 10:11:48] 2021444173 ReturnBook B001QN7G20
[2022-6-24 10:12:36] system booting 
[2022-6-24 10:12:49] yangzhenyu login 
[2022-6-24 10:14:53] system booting 
[2022-6-24 10:15:0] yangzhenyu login 
[2022-6-24 10:15:10] 2021444173 BorrowBook B00JEJOWDY
[2022-6-24 10:15:27] 2021444173 ReturnBook B00JEJOWDY
[2022-6-24 10:15:36] 2021444173 BorrowBook B00JEJOWDY
[2022-6-24 10:17:15] system booting 
[2022-6-24 10:17:21] root login 
[2022-6-24 10:17:37] Unlogged logout 
[2022-6-24 10:17:44] yangzhenyu login 
[2022-6-24 10:17:58] 2021444173 BorrowBook B00JEJOWDY
[2022-6-24 10:22:18] system booting 
[2022-6-24 10:22:59] yangzhenyu login 
[2022-6-24 10:23:8] 2021444173 BorrowBook B00JEJOWDY
[2022-6-24 10:24:22] system booting 
[2022-6-24 10:24:37] yangzhenyu login 
[2022-6-24 10:24:44] 2021444173 BorrowBook B00JEJOWDY
[2022-6-24 10:25:57] system shutdown 
-------------------------------------------
[2022-6-24 10:26:45] system booting 
[2022-6-24 10:26:51] yangzhenyu login 
[2022-6-24 10:27:56] system booting 
[2022-6-24 10:28:3] yangzhenyu login 
[2022-6-24 10:28:53] system booting 
[2022-6-24 10:28:59] yangzhenyu login 
[2022-6-24 10:29:56] system booting 
[2022-6-24 10:30:38] yangzhenyu login 
[2022-6-24 10:30:46] 2021444173 BorrowBook B00JEJOWDY
[2022-6-24 10:31:10] 2021444173 ReNewBook B00JEJOWDY
[2022-6-24 10:32:45] system booting 
[2022-6-24 10:32:59] yangzhenyu login 
[2022-6-24 10:33:19] 2021444173 BorrowBook 6492460
[2022-6-24 10:34:59] 2021444173 ReNewBook 6492460
[2022-6-24 10:35:8] 2021444173 ReturnBook 6492460
[2022-6-24 10:36:49] system booting 
[2022-6-24 10:40:38] system booting 
[2022-6-24 10:40:45] yangzhenyu login 
[2022-6-24 10:40:57] 2021444173 BorrowBook 7595093
[2022-6-24 10:42:42] system booting 
[2022-6-24 10:42:53] yangzhenyu login 
[2022-6-24 10:43:2] 2021444173 BorrowBook 7595093
[2022-6-24 10:43:15] Unlogged logout 
[2022-6-24 10:43:19] system shutdown 
-------------------------------------------
[2022-6-24 11:4:41] system booting 
[2022-6-24 11:4:43] Unlogged logout 
[2022-6-24 11:4:44] system shutdown 
-------------------------------------------
[2022-6-24 11:24:25] system booting 
[2022-6-24 11:49:38] yangzhenyu login 
[2022-6-24 11:55:23] Unlogged logout 
[2022-6-24 11:55:27] root login 
[2022-6-24 12:4:29] Unlogged logout 
[2022-6-24 12:4:29] system shutdown 
-------------------------------------------
[2022-6-24 12:4:34] system booting 
[2022-6-24 12:4:40] root login 
[2022-6-24 12:5:42] system booting 
[2022-6-24 12:7:32] system booting 
[2022-6-24 12:7:39] root login 
[2022-6-24 12:7:53] Unlogged logout 
[2022-6-24 12:7:54] system shutdown 
-------------------------------------------
[2022-6-24 13:51:1] system booting 
[2022-6-24 13:51:31] yangzhenyu login 
[2022-6-24 13:51:35] Unlogged logout 
[2022-6-24 13:51:55] yangzhenyu login 
[2022-6-24 13:52:2] Unlogged logout 
[2022-6-24 13:52:9] root login 
[2022-6-24 16:29:31] system booting 
[2022-6-24 16:35:11] system booting 
[2022-6-24 16:39:42] system booting 
[2022-6-24 16:40:23] yangzhenyu login 
[2022-6-24 16:41:31] 2021444173 BorrowBook 64462447
[2022-6-24 16:41:40] Unlogged logout 
[2022-6-24 16:41:41] system shutdown 
-------------------------------------------
[2022-6-24 16:43:32] system booting 
[2022-6-24 16:44:16] system booting 
[2022-6-24 16:45:7] system booting 
[2022-6-24 16:45:17] Unlogged logout 
[2022-6-24 16:45:18] system shutdown 
-------------------------------------------
[2022-6-24 16:56:45] system booting 
[2022-6-24 16:56:51] root login 
[2022-6-24 17:1:45] system booting 
[2022-6-24 17:1:51] root login 
[2022-6-24 17:2:38] system booting 
[2022-6-24 17:2:42] root login 
[2022-6-24 17:3:27] system booting 
[2022-6-24 17:3:31] root login 
[2022-6-24 17:3:56] system booting 
[2022-6-24 17:4:1] root login 
[2022-6-24 17:5:19] system booting 
[2022-6-24 17:5:24] root login 
[2022-6-24 17:5:47] Unlogged logout 
[2022-6-24 17:5:48] system shutdown 
-------------------------------------------
[2022-6-24 17:6:41] system booting 
[2022-6-24 17:6:45] root login 
[2022-6-24 17:7:43] Unlogged logout 
[2022-6-24 17:7:43] system shutdown 
-------------------------------------------
[2022-6-24 17:45:20] system booting 
[2022-6-24 17:45:44] root login 
[2022-6-24 17:47:12] system booting 
[2022-6-24 17:47:21] root login 
[2022-6-24 17:49:5] Unlogged logout 
[2022-6-24 17:49:23] yangzhenyu login 
[2022-6-24 17:49:59] Unlogged logout 
[2022-6-24 17:50:0] system shutdown 
-------------------------------------------
[2022-6-24 17:50:24] system booting 
[2022-6-24 17:52:5] Unlogged logout 
[2022-6-24 17:52:5] system shutdown 
-------------------------------------------
[2022-6-24 17:59:44] system booting 
[2022-6-24 17:59:50] root login 
[2022-6-24 18:9:20] system booting 
[2022-6-24 18:9:36] root login 
[2022-6-24 18:10:28] Unlogged logout 
[2022-6-24 18:10:34] yangzhenyu login 
[2022-6-24 18:11:0] 2021444173 BorrowBook 300194145
[2022-6-24 18:16:55] system booting 
[2022-6-24 18:17:53] root login 
[2022-6-24 18:17:57] Unlogged logout 
[2022-6-24 18:18:2] yangzhenyu login 
[2022-6-24 18:18:16] 2021444173 BorrowBook 60188855
[2022-6-24 18:18:30] Unlogged logout 
[2022-6-24 18:18:30] system shutdown 
-------------------------------------------
[2022-6-24 18:24:30] system booting 
[2022-6-24 18:27:1] Unlogged logout 
[2022-6-24 18:27:1] system shutdown 
-------------------------------------------
